CRF++: Yet Another CRF Tool Kit
Copyright (C) 2005-2013 Taku Kudo, All rights reserved.

reading training data: 100.. 
Done!0.06 s

Number of sentences: 100
Number of features:  336133
Number of thread(s): 8
Freq:                1
eta:                 0.00010
C:                   4.00000
shrinking size:      20
iter=0 terr=0.98189 serr=1.00000 act=336133 obj=14395.84328 diff=1.00000
iter=1 terr=0.24574 serr=0.99000 act=336133 obj=10165.41990 diff=0.29386
iter=2 terr=0.24574 serr=0.99000 act=336133 obj=19652.84913 diff=0.93330
iter=3 terr=0.24574 serr=0.99000 act=336133 obj=7228.30559 diff=0.63220
iter=4 terr=0.24574 serr=0.99000 act=336133 obj=5858.50055 diff=0.18951
iter=5 terr=0.24520 serr=0.99000 act=336133 obj=5432.54757 diff=0.07271
iter=6 terr=0.24061 serr=0.99000 act=336133 obj=5293.42987 diff=0.02561
iter=7 terr=0.23939 serr=0.99000 act=336133 obj=5068.39456 diff=0.04251
iter=8 terr=0.22736 serr=0.99000 act=336133 obj=4795.64422 diff=0.05381
iter=9 terr=0.21114 serr=0.99000 act=336133 obj=4222.12267 diff=0.11959
iter=10 terr=0.12057 serr=0.97000 act=336133 obj=3231.01676 diff=0.23474
iter=11 terr=0.12206 serr=0.94000 act=336133 obj=2747.90639 diff=0.14952
iter=12 terr=0.06975 serr=0.81000 act=336133 obj=2352.43828 diff=0.14392
iter=13 terr=0.10638 serr=0.84000 act=336133 obj=2249.90938 diff=0.04358
iter=14 terr=0.07015 serr=0.81000 act=336133 obj=2052.82986 diff=0.08759
iter=15 terr=0.05218 serr=0.75000 act=336133 obj=1967.59351 diff=0.04152
iter=16 terr=0.04812 serr=0.73000 act=336133 obj=1903.82621 diff=0.03241
iter=17 terr=0.03825 serr=0.71000 act=336133 obj=1759.68145 diff=0.07571
iter=18 terr=0.04893 serr=0.79000 act=336133 obj=1758.93696 diff=0.00042
iter=19 terr=0.02230 serr=0.61000 act=336133 obj=1427.88922 diff=0.18821
iter=20 terr=0.01325 serr=0.50000 act=336133 obj=1296.58178 diff=0.09196
iter=21 terr=0.00825 serr=0.41000 act=336133 obj=1181.59652 diff=0.08868
iter=22 terr=0.00743 serr=0.38000 act=336133 obj=1099.18935 diff=0.06974
iter=23 terr=0.00649 serr=0.37000 act=336133 obj=1003.43727 diff=0.08711
iter=24 terr=0.00676 serr=0.33000 act=336133 obj=944.89438 diff=0.05834
iter=25 terr=0.00568 serr=0.28000 act=336133 obj=880.32867 diff=0.06833
iter=26 terr=0.00338 serr=0.17000 act=336133 obj=794.15028 diff=0.09789
iter=27 terr=0.00189 serr=0.12000 act=336133 obj=964.42755 diff=0.21441
iter=28 terr=0.00162 serr=0.11000 act=336133 obj=781.49888 diff=0.18968
iter=29 terr=0.00135 serr=0.09000 act=336133 obj=753.11467 diff=0.03632
iter=30 terr=0.00135 serr=0.09000 act=336133 obj=738.23220 diff=0.01976
iter=31 terr=0.00122 serr=0.08000 act=336133 obj=730.80150 diff=0.01007
iter=32 terr=0.00122 serr=0.08000 act=336133 obj=717.34416 diff=0.01841
iter=33 terr=0.00081 serr=0.06000 act=336133 obj=696.21047 diff=0.02946
iter=34 terr=0.00041 serr=0.02000 act=336133 obj=669.88800 diff=0.03781
iter=35 terr=0.09516 serr=0.75000 act=336133 obj=1421.04960 diff=1.12132
iter=36 terr=0.00014 serr=0.01000 act=336133 obj=667.61176 diff=0.53020
iter=37 terr=0.00000 serr=0.00000 act=336133 obj=645.48501 diff=0.03314
iter=38 terr=0.00000 serr=0.00000 act=336133 obj=628.32958 diff=0.02658
iter=39 terr=0.00000 serr=0.00000 act=336133 obj=622.46577 diff=0.00933
iter=40 terr=0.00000 serr=0.00000 act=336133 obj=615.93757 diff=0.01049
iter=41 terr=0.00000 serr=0.00000 act=336133 obj=607.68262 diff=0.01340
iter=42 terr=0.00000 serr=0.00000 act=336133 obj=635.38819 diff=0.04559
iter=43 terr=0.00000 serr=0.00000 act=336133 obj=605.60640 diff=0.04687
iter=44 terr=0.00000 serr=0.00000 act=336133 obj=600.37285 diff=0.00864
iter=45 terr=0.00000 serr=0.00000 act=336133 obj=597.94223 diff=0.00405
iter=46 terr=0.00000 serr=0.00000 act=336133 obj=595.59492 diff=0.00393
iter=47 terr=0.00000 serr=0.00000 act=336133 obj=591.09663 diff=0.00755
iter=48 terr=0.00000 serr=0.00000 act=336133 obj=586.23344 diff=0.00823
iter=49 terr=0.00000 serr=0.00000 act=336133 obj=587.19933 diff=0.00165
iter=50 terr=0.00000 serr=0.00000 act=336133 obj=583.88032 diff=0.00565
iter=51 terr=0.00000 serr=0.00000 act=336133 obj=579.76613 diff=0.00705
iter=52 terr=0.00000 serr=0.00000 act=336133 obj=578.17980 diff=0.00274
iter=53 terr=0.00000 serr=0.00000 act=336133 obj=577.06253 diff=0.00193
iter=54 terr=0.00000 serr=0.00000 act=336133 obj=579.99334 diff=0.00508
iter=55 terr=0.00000 serr=0.00000 act=336133 obj=576.44781 diff=0.00611
iter=56 terr=0.00000 serr=0.00000 act=336133 obj=575.35961 diff=0.00189
iter=57 terr=0.00000 serr=0.00000 act=336133 obj=574.55851 diff=0.00139
iter=58 terr=0.00000 serr=0.00000 act=336133 obj=573.72650 diff=0.00145
iter=59 terr=0.00000 serr=0.00000 act=336133 obj=573.17564 diff=0.00096
iter=60 terr=0.00000 serr=0.00000 act=336133 obj=572.42284 diff=0.00131
iter=61 terr=0.00000 serr=0.00000 act=336133 obj=571.83152 diff=0.00103
iter=62 terr=0.00000 serr=0.00000 act=336133 obj=575.69166 diff=0.00675
iter=63 terr=0.00000 serr=0.00000 act=336133 obj=571.62103 diff=0.00707
iter=64 terr=0.00000 serr=0.00000 act=336133 obj=571.12662 diff=0.00086
iter=65 terr=0.00000 serr=0.00000 act=336133 obj=570.90892 diff=0.00038
iter=66 terr=0.00000 serr=0.00000 act=336133 obj=570.72116 diff=0.00033
iter=67 terr=0.00000 serr=0.00000 act=336133 obj=570.26916 diff=0.00079
iter=68 terr=0.00000 serr=0.00000 act=336133 obj=569.97592 diff=0.00051
iter=69 terr=0.00000 serr=0.00000 act=336133 obj=569.71835 diff=0.00045
iter=70 terr=0.00000 serr=0.00000 act=336133 obj=569.68365 diff=0.00006
iter=71 terr=0.00000 serr=0.00000 act=336133 obj=569.54309 diff=0.00025
iter=72 terr=0.00000 serr=0.00000 act=336133 obj=569.44712 diff=0.00017
iter=73 terr=0.00000 serr=0.00000 act=336133 obj=569.37372 diff=0.00013
iter=74 terr=0.00000 serr=0.00000 act=336133 obj=569.36525 diff=0.00001
iter=75 terr=0.00000 serr=0.00000 act=336133 obj=569.25379 diff=0.00020
iter=76 terr=0.00000 serr=0.00000 act=336133 obj=569.19031 diff=0.00011
iter=77 terr=0.00000 serr=0.00000 act=336133 obj=569.16958 diff=0.00004
iter=78 terr=0.00000 serr=0.00000 act=336133 obj=569.11075 diff=0.00010
iter=79 terr=0.00000 serr=0.00000 act=336133 obj=569.08771 diff=0.00004
iter=80 terr=0.00000 serr=0.00000 act=336133 obj=569.03988 diff=0.00008
iter=81 terr=0.00000 serr=0.00000 act=336133 obj=569.00667 diff=0.00006

Done!3.84 s

